<?xml version="1.0" encoding="UTF-8"?>
<testsuite name="com.example.Calculator.CalculatorActivityTest" time="0.012" tests="3" errors="3" skipped="0" failures="0">
  <properties>
[...]
</properties>
  <testcase name="shouldNotBeNull" classname="com.example.Calculator.CalculatorActivityTest" time="0.002">
    <error message="java.lang.RuntimeException: java.lang.IllegalAccessException: Class org.robolectric.DefaultTestLifecycle can not access a member of class com.example.Calculator.CalculatorApplication with modifiers &quot;private&quot;" type="java.lang.RuntimeException">java.lang.RuntimeException: java.lang.RuntimeException: java.lang.IllegalAccessException: Class org.robolectric.DefaultTestLifecycle can not access a member of class com.example.Calculator.CalculatorApplication with modifiers "private"
	at org.robolectric.RobolectricTestRunner$2.evaluate(RobolectricTestRunner.java:224)
	at org.junit.runners.BlockJUnit4ClassRunner.runNotIgnored(BlockJUnit4ClassRunner.java:79)
	at org.junit.runners.BlockJUnit4ClassRunner.runChild(BlockJUnit4ClassRunner.java:71)
	at org.junit.runners.BlockJUnit4ClassRunner.runChild(BlockJUnit4ClassRunner.java:49)
	at org.junit.runners.ParentRunner$3.run(ParentRunner.java:193)
	at org.junit.runners.ParentRunner$1.schedule(ParentRunner.java:52)
	at org.junit.runners.ParentRunner.runChildren(ParentRunner.java:191)
	at org.junit.runners.ParentRunner.access$000(ParentRunner.java:42)
	at org.junit.runners.ParentRunner$2.evaluate(ParentRunner.java:184)
	at org.robolectric.RobolectricTestRunner$1.evaluate(RobolectricTestRunner.java:175)
	at org.junit.runners.ParentRunner.run(ParentRunner.java:236)
	at org.apache.maven.surefire.junit4.JUnit4Provider.execute(JUnit4Provider.java:264)
	at org.apache.maven.surefire.junit4.JUnit4Provider.executeTestSet(JUnit4Provider.java:153)
	at org.apache.maven.surefire.junit4.JUnit4Provider.invoke(JUnit4Provider.java:124)
	at org.apache.maven.surefire.booter.ForkedBooter.invokeProviderInSameClassLoader(ForkedBooter.java:200)
	at org.apache.maven.surefire.booter.ForkedBooter.runSuitesInProcess(ForkedBooter.java:153)
	at org.apache.maven.surefire.booter.ForkedBooter.main(ForkedBooter.java:103)
Caused by: java.lang.RuntimeException: java.lang.IllegalAccessException: Class org.robolectric.DefaultTestLifecycle can not access a member of class com.example.Calculator.CalculatorApplication with modifiers "private"
	at org.robolectric.DefaultTestLifecycle.createApplication(DefaultTestLifecycle.java:50)
	at org.robolectric.DefaultTestLifecycle.createApplication(DefaultTestLifecycle.java:13)
	at org.robolectric.internal.ParallelUniverse.setUpApplicationState(ParallelUniverse.java:100)
	at org.robolectric.RobolectricTestRunner.setUpApplicationState(RobolectricTestRunner.java:404)
	at org.robolectric.RobolectricTestRunner$2.evaluate(RobolectricTestRunner.java:220)
	at org.junit.runners.BlockJUnit4ClassRunner.runNotIgnored(BlockJUnit4ClassRunner.java:79)
	at org.junit.runners.BlockJUnit4ClassRunner.runChild(BlockJUnit4ClassRunner.java:71)
	at org.junit.runners.BlockJUnit4ClassRunner.runChild(BlockJUnit4ClassRunner.java:49)
	at org.junit.runners.ParentRunner$3.run(ParentRunner.java:193)
	at org.junit.runners.ParentRunner$1.schedule(ParentRunner.java:52)
	at org.junit.runners.ParentRunner.runChildren(ParentRunner.java:191)
	at org.junit.runners.ParentRunner.access$000(ParentRunner.java:42)
	at org.junit.runners.ParentRunner$2.evaluate(ParentRunner.java:184)
	at org.robolectric.RobolectricTestRunner$1.evaluate(RobolectricTestRunner.java:175)
	at org.junit.runners.ParentRunner.run(ParentRunner.java:236)
	at org.apache.maven.surefire.junit4.JUnit4Provider.execute(JUnit4Provider.java:264)
	at org.apache.maven.surefire.junit4.JUnit4Provider.executeTestSet(JUnit4Provider.java:153)
	at org.apache.maven.surefire.junit4.JUnit4Provider.invoke(JUnit4Provider.java:124)
	at org.apache.maven.surefire.booter.ForkedBooter.invokeProviderInSameClassLoader(ForkedBooter.java:200)
	at org.apache.maven.surefire.booter.ForkedBooter.runSuitesInProcess(ForkedBooter.java:153)
	at org.apache.maven.surefire.booter.ForkedBooter.main(ForkedBooter.java:103)
Caused by: java.lang.IllegalAccessException: Class org.robolectric.DefaultTestLifecycle can not access a member of class com.example.Calculator.CalculatorApplication with modifiers "private"
	at sun.reflect.Reflection.ensureMemberAccess(Reflection.java:65)
	at java.lang.Class.newInstance0(Class.java:351)
	at java.lang.Class.newInstance(Class.java:310)
	at org.robolectric.DefaultTestLifecycle.createApplication(DefaultTestLifecycle.java:46)
	at org.robolectric.DefaultTestLifecycle.createApplication(DefaultTestLifecycle.java:13)
	at org.robolectric.internal.ParallelUniverse.setUpApplicationState(ParallelUniverse.java:100)
	at org.robolectric.RobolectricTestRunner.setUpApplicationState(RobolectricTestRunner.java:404)
	at org.robolectric.RobolectricTestRunner$2.evaluate(RobolectricTestRunner.java:220)
	at org.junit.runners.BlockJUnit4ClassRunner.runNotIgnored(BlockJUnit4ClassRunner.java:79)
	at org.junit.runners.BlockJUnit4ClassRunner.runChild(BlockJUnit4ClassRunner.java:71)
	at org.junit.runners.BlockJUnit4ClassRunner.runChild(BlockJUnit4ClassRunner.java:49)
	at org.junit.runners.ParentRunner$3.run(ParentRunner.java:193)
	at org.junit.runners.ParentRunner$1.schedule(ParentRunner.java:52)
	at org.junit.runners.ParentRunner.runChildren(ParentRunner.java:191)
	at org.junit.runners.ParentRunner.access$000(ParentRunner.java:42)
	at org.junit.runners.ParentRunner$2.evaluate(ParentRunner.java:184)
	at org.robolectric.RobolectricTestRunner$1.evaluate(RobolectricTestRunner.java:175)
	at org.junit.runners.ParentRunner.run(ParentRunner.java:236)
	at org.apache.maven.surefire.junit4.JUnit4Provider.execute(JUnit4Provider.java:264)
	at org.apache.maven.surefire.junit4.JUnit4Provider.executeTestSet(JUnit4Provider.java:153)
	at org.apache.maven.surefire.junit4.JUnit4Provider.invoke(JUnit4Provider.java:124)
	at org.apache.maven.surefire.booter.ForkedBooter.invokeProviderInSameClassLoader(ForkedBooter.java:200)
	at org.apache.maven.surefire.booter.ForkedBooter.runSuitesInProcess(ForkedBooter.java:153)
	at org.apache.maven.surefire.booter.ForkedBooter.main(ForkedBooter.java:103)
</error>
    <system-err><![CDATA[java.lang.RuntimeException: java.lang.IllegalAccessException: Class org.robolectric.DefaultTestLifecycle can not access a member of class com.example.Calculator.CalculatorApplication with modifiers "private"
	at org.robolectric.DefaultTestLifecycle.createApplication(DefaultTestLifecycle.java:50)
	at org.robolectric.DefaultTestLifecycle.createApplication(DefaultTestLifecycle.java:13)
	at org.robolectric.internal.ParallelUniverse.setUpApplicationState(ParallelUniverse.java:100)
	at org.robolectric.RobolectricTestRunner.setUpApplicationState(RobolectricTestRunner.java:404)
	at org.robolectric.RobolectricTestRunner$2.evaluate(RobolectricTestRunner.java:220)
	at org.junit.runners.BlockJUnit4ClassRunner.runNotIgnored(BlockJUnit4ClassRunner.java:79)
	at org.junit.runners.BlockJUnit4ClassRunner.runChild(BlockJUnit4ClassRunner.java:71)
	at org.junit.runners.BlockJUnit4ClassRunner.runChild(BlockJUnit4ClassRunner.java:49)
	at org.junit.runners.ParentRunner$3.run(ParentRunner.java:193)
	at org.junit.runners.ParentRunner$1.schedule(ParentRunner.java:52)
	at org.junit.runners.ParentRunner.runChildren(ParentRunner.java:191)
	at org.junit.runners.ParentRunner.access$000(ParentRunner.java:42)
	at org.junit.runners.ParentRunner$2.evaluate(ParentRunner.java:184)
	at org.robolectric.RobolectricTestRunner$1.evaluate(RobolectricTestRunner.java:175)
	at org.junit.runners.ParentRunner.run(ParentRunner.java:236)
	at org.apache.maven.surefire.junit4.JUnit4Provider.execute(JUnit4Provider.java:264)
	at org.apache.maven.surefire.junit4.JUnit4Provider.executeTestSet(JUnit4Provider.java:153)
	at org.apache.maven.surefire.junit4.JUnit4Provider.invoke(JUnit4Provider.java:124)
	at org.apache.maven.surefire.booter.ForkedBooter.invokeProviderInSameClassLoader(ForkedBooter.java:200)
	at org.apache.maven.surefire.booter.ForkedBooter.runSuitesInProcess(ForkedBooter.java:153)
	at org.apache.maven.surefire.booter.ForkedBooter.main(ForkedBooter.java:103)
Caused by: java.lang.IllegalAccessException: Class org.robolectric.DefaultTestLifecycle can not access a member of class com.example.Calculator.CalculatorApplication with modifiers "private"
	at sun.reflect.Reflection.ensureMemberAccess(Reflection.java:65)
	at java.lang.Class.newInstance0(Class.java:351)
	at java.lang.Class.newInstance(Class.java:310)
	at org.robolectric.DefaultTestLifecycle.createApplication(DefaultTestLifecycle.java:46)
	... 20 more
]]></system-err>
  </testcase>
  <testcase name="shouldHaveDisplayFragment" classname="com.example.Calculator.CalculatorActivityTest" time="0.002">
    <error message="java.lang.RuntimeException: java.lang.IllegalAccessException: Class org.robolectric.DefaultTestLifecycle can not access a member of class com.example.Calculator.CalculatorApplication with modifiers &quot;private&quot;" type="java.lang.RuntimeException">java.lang.RuntimeException: java.lang.RuntimeException: java.lang.IllegalAccessException: Class org.robolectric.DefaultTestLifecycle can not access a member of class com.example.Calculator.CalculatorApplication with modifiers "private"
	at org.robolectric.RobolectricTestRunner$2.evaluate(RobolectricTestRunner.java:224)
	at org.junit.runners.BlockJUnit4ClassRunner.runNotIgnored(BlockJUnit4ClassRunner.java:79)
	at org.junit.runners.BlockJUnit4ClassRunner.runChild(BlockJUnit4ClassRunner.java:71)
	at org.junit.runners.BlockJUnit4ClassRunner.runChild(BlockJUnit4ClassRunner.java:49)
	at org.junit.runners.ParentRunner$3.run(ParentRunner.java:193)
	at org.junit.runners.ParentRunner$1.schedule(ParentRunner.java:52)
	at org.junit.runners.ParentRunner.runChildren(ParentRunner.java:191)
	at org.junit.runners.ParentRunner.access$000(ParentRunner.java:42)
	at org.junit.runners.ParentRunner$2.evaluate(ParentRunner.java:184)
	at org.robolectric.RobolectricTestRunner$1.evaluate(RobolectricTestRunner.java:175)
	at org.junit.runners.ParentRunner.run(ParentRunner.java:236)
	at org.apache.maven.surefire.junit4.JUnit4Provider.execute(JUnit4Provider.java:264)
	at org.apache.maven.surefire.junit4.JUnit4Provider.executeTestSet(JUnit4Provider.java:153)
	at org.apache.maven.surefire.junit4.JUnit4Provider.invoke(JUnit4Provider.java:124)
	at org.apache.maven.surefire.booter.ForkedBooter.invokeProviderInSameClassLoader(ForkedBooter.java:200)
	at org.apache.maven.surefire.booter.ForkedBooter.runSuitesInProcess(ForkedBooter.java:153)
	at org.apache.maven.surefire.booter.ForkedBooter.main(ForkedBooter.java:103)
Caused by: java.lang.RuntimeException: java.lang.IllegalAccessException: Class org.robolectric.DefaultTestLifecycle can not access a member of class com.example.Calculator.CalculatorApplication with modifiers "private"
	at org.robolectric.DefaultTestLifecycle.createApplication(DefaultTestLifecycle.java:50)
	at org.robolectric.DefaultTestLifecycle.createApplication(DefaultTestLifecycle.java:13)
	at org.robolectric.internal.ParallelUniverse.setUpApplicationState(ParallelUniverse.java:100)
	at org.robolectric.RobolectricTestRunner.setUpApplicationState(RobolectricTestRunner.java:404)
	at org.robolectric.RobolectricTestRunner$2.evaluate(RobolectricTestRunner.java:220)
	at org.junit.runners.BlockJUnit4ClassRunner.runNotIgnored(BlockJUnit4ClassRunner.java:79)
	at org.junit.runners.BlockJUnit4ClassRunner.runChild(BlockJUnit4ClassRunner.java:71)
	at org.junit.runners.BlockJUnit4ClassRunner.runChild(BlockJUnit4ClassRunner.java:49)
	at org.junit.runners.ParentRunner$3.run(ParentRunner.java:193)
	at org.junit.runners.ParentRunner$1.schedule(ParentRunner.java:52)
	at org.junit.runners.ParentRunner.runChildren(ParentRunner.java:191)
	at org.junit.runners.ParentRunner.access$000(ParentRunner.java:42)
	at org.junit.runners.ParentRunner$2.evaluate(ParentRunner.java:184)
	at org.robolectric.RobolectricTestRunner$1.evaluate(RobolectricTestRunner.java:175)
	at org.junit.runners.ParentRunner.run(ParentRunner.java:236)
	at org.apache.maven.surefire.junit4.JUnit4Provider.execute(JUnit4Provider.java:264)
	at org.apache.maven.surefire.junit4.JUnit4Provider.executeTestSet(JUnit4Provider.java:153)
	at org.apache.maven.surefire.junit4.JUnit4Provider.invoke(JUnit4Provider.java:124)
	at org.apache.maven.surefire.booter.ForkedBooter.invokeProviderInSameClassLoader(ForkedBooter.java:200)
	at org.apache.maven.surefire.booter.ForkedBooter.runSuitesInProcess(ForkedBooter.java:153)
	at org.apache.maven.surefire.booter.ForkedBooter.main(ForkedBooter.java:103)
Caused by: java.lang.IllegalAccessException: Class org.robolectric.DefaultTestLifecycle can not access a member of class com.example.Calculator.CalculatorApplication with modifiers "private"
	at sun.reflect.Reflection.ensureMemberAccess(Reflection.java:65)
	at java.lang.Class.newInstance0(Class.java:351)
	at java.lang.Class.newInstance(Class.java:310)
	at org.robolectric.DefaultTestLifecycle.createApplication(DefaultTestLifecycle.java:46)
	at org.robolectric.DefaultTestLifecycle.createApplication(DefaultTestLifecycle.java:13)
	at org.robolectric.internal.ParallelUniverse.setUpApplicationState(ParallelUniverse.java:100)
	at org.robolectric.RobolectricTestRunner.setUpApplicationState(RobolectricTestRunner.java:404)
	at org.robolectric.RobolectricTestRunner$2.evaluate(RobolectricTestRunner.java:220)
	at org.junit.runners.BlockJUnit4ClassRunner.runNotIgnored(BlockJUnit4ClassRunner.java:79)
	at org.junit.runners.BlockJUnit4ClassRunner.runChild(BlockJUnit4ClassRunner.java:71)
	at org.junit.runners.BlockJUnit4ClassRunner.runChild(BlockJUnit4ClassRunner.java:49)
	at org.junit.runners.ParentRunner$3.run(ParentRunner.java:193)
	at org.junit.runners.ParentRunner$1.schedule(ParentRunner.java:52)
	at org.junit.runners.ParentRunner.runChildren(ParentRunner.java:191)
	at org.junit.runners.ParentRunner.access$000(ParentRunner.java:42)
	at org.junit.runners.ParentRunner$2.evaluate(ParentRunner.java:184)
	at org.robolectric.RobolectricTestRunner$1.evaluate(RobolectricTestRunner.java:175)
	at org.junit.runners.ParentRunner.run(ParentRunner.java:236)
	at org.apache.maven.surefire.junit4.JUnit4Provider.execute(JUnit4Provider.java:264)
	at org.apache.maven.surefire.junit4.JUnit4Provider.executeTestSet(JUnit4Provider.java:153)
	at org.apache.maven.surefire.junit4.JUnit4Provider.invoke(JUnit4Provider.java:124)
	at org.apache.maven.surefire.booter.ForkedBooter.invokeProviderInSameClassLoader(ForkedBooter.java:200)
	at org.apache.maven.surefire.booter.ForkedBooter.runSuitesInProcess(ForkedBooter.java:153)
	at org.apache.maven.surefire.booter.ForkedBooter.main(ForkedBooter.java:103)
</error>
    <system-err><![CDATA[java.lang.RuntimeException: java.lang.IllegalAccessException: Class org.robolectric.DefaultTestLifecycle can not access a member of class com.example.Calculator.CalculatorApplication with modifiers "private"
	at org.robolectric.DefaultTestLifecycle.createApplication(DefaultTestLifecycle.java:50)
	at org.robolectric.DefaultTestLifecycle.createApplication(DefaultTestLifecycle.java:13)
	at org.robolectric.internal.ParallelUniverse.setUpApplicationState(ParallelUniverse.java:100)
	at org.robolectric.RobolectricTestRunner.setUpApplicationState(RobolectricTestRunner.java:404)
	at org.robolectric.RobolectricTestRunner$2.evaluate(RobolectricTestRunner.java:220)
	at org.junit.runners.BlockJUnit4ClassRunner.runNotIgnored(BlockJUnit4ClassRunner.java:79)
	at org.junit.runners.BlockJUnit4ClassRunner.runChild(BlockJUnit4ClassRunner.java:71)
	at org.junit.runners.BlockJUnit4ClassRunner.runChild(BlockJUnit4ClassRunner.java:49)
	at org.junit.runners.ParentRunner$3.run(ParentRunner.java:193)
	at org.junit.runners.ParentRunner$1.schedule(ParentRunner.java:52)
	at org.junit.runners.ParentRunner.runChildren(ParentRunner.java:191)
	at org.junit.runners.ParentRunner.access$000(ParentRunner.java:42)
	at org.junit.runners.ParentRunner$2.evaluate(ParentRunner.java:184)
	at org.robolectric.RobolectricTestRunner$1.evaluate(RobolectricTestRunner.java:175)
	at org.junit.runners.ParentRunner.run(ParentRunner.java:236)
	at org.apache.maven.surefire.junit4.JUnit4Provider.execute(JUnit4Provider.java:264)
	at org.apache.maven.surefire.junit4.JUnit4Provider.executeTestSet(JUnit4Provider.java:153)
	at org.apache.maven.surefire.junit4.JUnit4Provider.invoke(JUnit4Provider.java:124)
	at org.apache.maven.surefire.booter.ForkedBooter.invokeProviderInSameClassLoader(ForkedBooter.java:200)
	at org.apache.maven.surefire.booter.ForkedBooter.runSuitesInProcess(ForkedBooter.java:153)
	at org.apache.maven.surefire.booter.ForkedBooter.main(ForkedBooter.java:103)
Caused by: java.lang.IllegalAccessException: Class org.robolectric.DefaultTestLifecycle can not access a member of class com.example.Calculator.CalculatorApplication with modifiers "private"
	at sun.reflect.Reflection.ensureMemberAccess(Reflection.java:65)
	at java.lang.Class.newInstance0(Class.java:351)
	at java.lang.Class.newInstance(Class.java:310)
	at org.robolectric.DefaultTestLifecycle.createApplication(DefaultTestLifecycle.java:46)
	... 20 more
]]></system-err>
  </testcase>
  <testcase name="shouldHaveButtonFragment" classname="com.example.Calculator.CalculatorActivityTest" time="0.008">
    <error message="java.lang.RuntimeException: java.lang.IllegalAccessException: Class org.robolectric.DefaultTestLifecycle can not access a member of class com.example.Calculator.CalculatorApplication with modifiers &quot;private&quot;" type="java.lang.RuntimeException">java.lang.RuntimeException: java.lang.RuntimeException: java.lang.IllegalAccessException: Class org.robolectric.DefaultTestLifecycle can not access a member of class com.example.Calculator.CalculatorApplication with modifiers "private"
	at org.robolectric.RobolectricTestRunner$2.evaluate(RobolectricTestRunner.java:224)
	at org.junit.runners.BlockJUnit4ClassRunner.runNotIgnored(BlockJUnit4ClassRunner.java:79)
	at org.junit.runners.BlockJUnit4ClassRunner.runChild(BlockJUnit4ClassRunner.java:71)
	at org.junit.runners.BlockJUnit4ClassRunner.runChild(BlockJUnit4ClassRunner.java:49)
	at org.junit.runners.ParentRunner$3.run(ParentRunner.java:193)
	at org.junit.runners.ParentRunner$1.schedule(ParentRunner.java:52)
	at org.junit.runners.ParentRunner.runChildren(ParentRunner.java:191)
	at org.junit.runners.ParentRunner.access$000(ParentRunner.java:42)
	at org.junit.runners.ParentRunner$2.evaluate(ParentRunner.java:184)
	at org.robolectric.RobolectricTestRunner$1.evaluate(RobolectricTestRunner.java:175)
	at org.junit.runners.ParentRunner.run(ParentRunner.java:236)
	at org.apache.maven.surefire.junit4.JUnit4Provider.execute(JUnit4Provider.java:264)
	at org.apache.maven.surefire.junit4.JUnit4Provider.executeTestSet(JUnit4Provider.java:153)
	at org.apache.maven.surefire.junit4.JUnit4Provider.invoke(JUnit4Provider.java:124)
	at org.apache.maven.surefire.booter.ForkedBooter.invokeProviderInSameClassLoader(ForkedBooter.java:200)
	at org.apache.maven.surefire.booter.ForkedBooter.runSuitesInProcess(ForkedBooter.java:153)
	at org.apache.maven.surefire.booter.ForkedBooter.main(ForkedBooter.java:103)
Caused by: java.lang.RuntimeException: java.lang.IllegalAccessException: Class org.robolectric.DefaultTestLifecycle can not access a member of class com.example.Calculator.CalculatorApplication with modifiers "private"
	at org.robolectric.DefaultTestLifecycle.createApplication(DefaultTestLifecycle.java:50)
	at org.robolectric.DefaultTestLifecycle.createApplication(DefaultTestLifecycle.java:13)
	at org.robolectric.internal.ParallelUniverse.setUpApplicationState(ParallelUniverse.java:100)
	at org.robolectric.RobolectricTestRunner.setUpApplicationState(RobolectricTestRunner.java:404)
	at org.robolectric.RobolectricTestRunner$2.evaluate(RobolectricTestRunner.java:220)
	at org.junit.runners.BlockJUnit4ClassRunner.runNotIgnored(BlockJUnit4ClassRunner.java:79)
	at org.junit.runners.BlockJUnit4ClassRunner.runChild(BlockJUnit4ClassRunner.java:71)
	at org.junit.runners.BlockJUnit4ClassRunner.runChild(BlockJUnit4ClassRunner.java:49)
	at org.junit.runners.ParentRunner$3.run(ParentRunner.java:193)
	at org.junit.runners.ParentRunner$1.schedule(ParentRunner.java:52)
	at org.junit.runners.ParentRunner.runChildren(ParentRunner.java:191)
	at org.junit.runners.ParentRunner.access$000(ParentRunner.java:42)
	at org.junit.runners.ParentRunner$2.evaluate(ParentRunner.java:184)
	at org.robolectric.RobolectricTestRunner$1.evaluate(RobolectricTestRunner.java:175)
	at org.junit.runners.ParentRunner.run(ParentRunner.java:236)
	at org.apache.maven.surefire.junit4.JUnit4Provider.execute(JUnit4Provider.java:264)
	at org.apache.maven.surefire.junit4.JUnit4Provider.executeTestSet(JUnit4Provider.java:153)
	at org.apache.maven.surefire.junit4.JUnit4Provider.invoke(JUnit4Provider.java:124)
	at org.apache.maven.surefire.booter.ForkedBooter.invokeProviderInSameClassLoader(ForkedBooter.java:200)
	at org.apache.maven.surefire.booter.ForkedBooter.runSuitesInProcess(ForkedBooter.java:153)
	at org.apache.maven.surefire.booter.ForkedBooter.main(ForkedBooter.java:103)
Caused by: java.lang.IllegalAccessException: Class org.robolectric.DefaultTestLifecycle can not access a member of class com.example.Calculator.CalculatorApplication with modifiers "private"
	at sun.reflect.Reflection.ensureMemberAccess(Reflection.java:65)
	at java.lang.Class.newInstance0(Class.java:351)
	at java.lang.Class.newInstance(Class.java:310)
	at org.robolectric.DefaultTestLifecycle.createApplication(DefaultTestLifecycle.java:46)
	at org.robolectric.DefaultTestLifecycle.createApplication(DefaultTestLifecycle.java:13)
	at org.robolectric.internal.ParallelUniverse.setUpApplicationState(ParallelUniverse.java:100)
	at org.robolectric.RobolectricTestRunner.setUpApplicationState(RobolectricTestRunner.java:404)
	at org.robolectric.RobolectricTestRunner$2.evaluate(RobolectricTestRunner.java:220)
	at org.junit.runners.BlockJUnit4ClassRunner.runNotIgnored(BlockJUnit4ClassRunner.java:79)
	at org.junit.runners.BlockJUnit4ClassRunner.runChild(BlockJUnit4ClassRunner.java:71)
	at org.junit.runners.BlockJUnit4ClassRunner.runChild(BlockJUnit4ClassRunner.java:49)
	at org.junit.runners.ParentRunner$3.run(ParentRunner.java:193)
	at org.junit.runners.ParentRunner$1.schedule(ParentRunner.java:52)
	at org.junit.runners.ParentRunner.runChildren(ParentRunner.java:191)
	at org.junit.runners.ParentRunner.access$000(ParentRunner.java:42)
	at org.junit.runners.ParentRunner$2.evaluate(ParentRunner.java:184)
	at org.robolectric.RobolectricTestRunner$1.evaluate(RobolectricTestRunner.java:175)
	at org.junit.runners.ParentRunner.run(ParentRunner.java:236)
	at org.apache.maven.surefire.junit4.JUnit4Provider.execute(JUnit4Provider.java:264)
	at org.apache.maven.surefire.junit4.JUnit4Provider.executeTestSet(JUnit4Provider.java:153)
	at org.apache.maven.surefire.junit4.JUnit4Provider.invoke(JUnit4Provider.java:124)
	at org.apache.maven.surefire.booter.ForkedBooter.invokeProviderInSameClassLoader(ForkedBooter.java:200)
	at org.apache.maven.surefire.booter.ForkedBooter.runSuitesInProcess(ForkedBooter.java:153)
	at org.apache.maven.surefire.booter.ForkedBooter.main(ForkedBooter.java:103)
</error>
    <system-err><![CDATA[java.lang.RuntimeException: java.lang.IllegalAccessException: Class org.robolectric.DefaultTestLifecycle can not access a member of class com.example.Calculator.CalculatorApplication with modifiers "private"
	at org.robolectric.DefaultTestLifecycle.createApplication(DefaultTestLifecycle.java:50)
	at org.robolectric.DefaultTestLifecycle.createApplication(DefaultTestLifecycle.java:13)
	at org.robolectric.internal.ParallelUniverse.setUpApplicationState(ParallelUniverse.java:100)
	at org.robolectric.RobolectricTestRunner.setUpApplicationState(RobolectricTestRunner.java:404)
	at org.robolectric.RobolectricTestRunner$2.evaluate(RobolectricTestRunner.java:220)
	at org.junit.runners.BlockJUnit4ClassRunner.runNotIgnored(BlockJUnit4ClassRunner.java:79)
	at org.junit.runners.BlockJUnit4ClassRunner.runChild(BlockJUnit4ClassRunner.java:71)
	at org.junit.runners.BlockJUnit4ClassRunner.runChild(BlockJUnit4ClassRunner.java:49)
	at org.junit.runners.ParentRunner$3.run(ParentRunner.java:193)
	at org.junit.runners.ParentRunner$1.schedule(ParentRunner.java:52)
	at org.junit.runners.ParentRunner.runChildren(ParentRunner.java:191)
	at org.junit.runners.ParentRunner.access$000(ParentRunner.java:42)
	at org.junit.runners.ParentRunner$2.evaluate(ParentRunner.java:184)
	at org.robolectric.RobolectricTestRunner$1.evaluate(RobolectricTestRunner.java:175)
	at org.junit.runners.ParentRunner.run(ParentRunner.java:236)
	at org.apache.maven.surefire.junit4.JUnit4Provider.execute(JUnit4Provider.java:264)
	at org.apache.maven.surefire.junit4.JUnit4Provider.executeTestSet(JUnit4Provider.java:153)
	at org.apache.maven.surefire.junit4.JUnit4Provider.invoke(JUnit4Provider.java:124)
	at org.apache.maven.surefire.booter.ForkedBooter.invokeProviderInSameClassLoader(ForkedBooter.java:200)
	at org.apache.maven.surefire.booter.ForkedBooter.runSuitesInProcess(ForkedBooter.java:153)
	at org.apache.maven.surefire.booter.ForkedBooter.main(ForkedBooter.java:103)
Caused by: java.lang.IllegalAccessException: Class org.robolectric.DefaultTestLifecycle can not access a member of class com.example.Calculator.CalculatorApplication with modifiers "private"
	at sun.reflect.Reflection.ensureMemberAccess(Reflection.java:65)
	at java.lang.Class.newInstance0(Class.java:351)
	at java.lang.Class.newInstance(Class.java:310)
	at org.robolectric.DefaultTestLifecycle.createApplication(DefaultTestLifecycle.java:46)
	... 20 more
]]></system-err>
  </testcase>
</testsuite>